<?xml version="1.0" encoding="UTF-8"?>
<testng-results ignored="0" total="1" passed="1" failed="0" skipped="0">
  <reporter-output>
  </reporter-output>
  <suite started-at="2023-08-22T08:26:54 IST" name="Suite" finished-at="2023-08-22T08:26:54 IST" duration-ms="42">
    <groups>
    </groups>
    <test started-at="2023-08-22T08:26:54 IST" name="Test" finished-at="2023-08-22T08:26:54 IST" duration-ms="42">
      <class name="sample.Demo2Test">
        <test-method signature="m2()[pri:0, instance:sample.Demo2Test@35aea049]" started-at="2023-08-22T08:26:54 IST" name="m2" finished-at="2023-08-22T08:26:54 IST" duration-ms="7" status="PASS">
          <reporter-output>
          </reporter-output>
        </test-method> <!-- m2 -->
      </class> <!-- sample.Demo2Test -->
    </test> <!-- Test -->
  </suite> <!-- Suite -->
</testng-results>
